<?xml version="1.0" encoding="UTF-8"?>
<!-- Generated by org.testng.reporters.JUnitReportReporter -->
<testsuite hostname="LAPTOP-CDSAINQ3" failures="0" tests="4" name="tests.SampleAPITest" time="7.510" errors="0" timestamp="2025-07-07T15:25:23 IST" skipped="0">
  <testcase classname="tests.SampleAPITest" name="testDeleteUser" time="0.477"/>
  <testcase classname="tests.SampleAPITest" name="testCreateUser" time="6.074"/>
  <testcase classname="tests.SampleAPITest" name="testUpdateUser" time="0.430"/>
  <testcase classname="tests.SampleAPITest" name="testLogin" time="0.529"/>
</testsuite> <!-- tests.SampleAPITest -->
