<?xml version="1.0" encoding="UTF-8"?>
<!-- Generated by org.testng.reporters.JUnitReportReporter -->
<testsuite hostname="LAPTOP-CDSAINQ3" failures="0" tests="4" name="tests.SampleAPITest" time="29.585" errors="0" timestamp="2025-07-07T16:14:33 IST" skipped="0">
  <testcase classname="tests.SampleAPITest" name="testLogin" time="0.593"/>
  <testcase classname="tests.SampleAPITest" name="testCreateUser" time="27.717"/>
  <testcase classname="tests.SampleAPITest" name="testDeleteUser" time="0.552"/>
  <testcase classname="tests.SampleAPITest" name="testUpdateUser" time="0.723"/>
</testsuite> <!-- tests.SampleAPITest -->
